<?xml version="1.0" encoding="UTF-8"?>
<!-- Generated by org.testng.reporters.JUnitReportReporter -->
<testsuite skipped="0" hostname="MAVBCP2226" name="com.test.pagefactory.LoginPage_PF" tests="1" failures="0" timestamp="2021-12-20T20:20:03 IST" time="25.611" errors="0">
  <testcase name="TestValidLogin" time="25.611" classname="com.test.pagefactory.LoginPage_PF"/>
  <system-out/>
</testsuite> <!-- com.test.pagefactory.LoginPage_PF -->
